Using pre-set license
Built from '2020.3/staging' branch; Version is '2020.3.10f1 (297d780c91bc) revision 2719096'; Using compiler version '192528614'; Build Type 'Release'
OS: 'Windows 10 Pro; OS build 19042.928; Version 2009; 64bit' Language: 'en' Physical Memory: 8108 MB
BatchMode: 1, IsHumanControllingUs: 0, StartBugReporterOnCrash: 0, Is64bit: 1, IsPro: 0

 COMMAND LINE ARGUMENTS:
C:\Program Files\Unity\Hub\Editor\2020.3.10f1\Editor\Unity.exe
-adb2
-batchMode
-noUpm
-name
AssetImportWorker1
-projectPath
F:/OFFICE/Techno Magic/Roll The Ball
-logFile
Logs/AssetImportWorker1.log
-srvPort
54933
Successfully changed project path to: F:/OFFICE/Techno Magic/Roll The Ball
F:/OFFICE/Techno Magic/Roll The Ball
Using Asset Import Pipeline V2.
Refreshing native plugins compatible for Editor in 314.39 ms, found 2 plugins.
Preloading 0 native plugins for Editor in 0.00 ms.
Initialize engine version: 2020.3.10f1 (297d780c91bc)
[Subsystems] Discovering subsystems at path C:/Program Files/Unity/Hub/Editor/2020.3.10f1/Editor/Data/Resources/UnitySubsystems
[Subsystems] Discovering subsystems at path F:/OFFICE/Techno Magic/Roll The Ball/Assets
GfxDevice: creating device client; threaded=0
Direct3D:
    Version:  Direct3D 11.0 [level 11.1]
    Renderer: Intel(R) HD Graphics Family (ID=0xa16)
    Vendor:   
    VRAM:     2048 MB
    Driver:   20.19.15.4835
Initialize mono
Mono path[0] = 'C:/Program Files/Unity/Hub/Editor/2020.3.10f1/Editor/Data/Managed'
Mono path[1] = 'C:/Program Files/Unity/Hub/Editor/2020.3.10f1/Editor/Data/MonoBleedingEdge/lib/mono/unityjit'
Mono config path = 'C:/Program Files/Unity/Hub/Editor/2020.3.10f1/Editor/Data/MonoBleedingEdge/etc'
Using monoOptions --debugger-agent=transport=dt_socket,embedding=1,server=y,suspend=n,address=127.0.0.1:56456
Begin MonoManager ReloadAssembly
Registering precompiled unity dll's ...
Register platform support module: C:/Program Files/Unity/Hub/Editor/2020.3.10f1/Editor/Data/PlaybackEngines/WindowsStandaloneSupport/UnityEditor.WindowsStandalone.Extensions.dll
Registered in 0.010062 seconds.
Native extension for WindowsStandalone target not found
Refreshing native plugins compatible for Editor in 202.97 ms, found 2 plugins.
Preloading 0 native plugins for Editor in 0.00 ms.
Mono: successfully reloaded assembly
- Completed reload, in  6.450 seconds
Platform modules already initialized, skipping
Registering precompiled user dll's ...
Registered in 0.014742 seconds.
Begin MonoManager ReloadAssembly
Native extension for WindowsStandalone target not found
Refreshing native plugins compatible for Editor in 1.05 ms, found 2 plugins.
Preloading 0 native plugins for Editor in 0.00 ms.
Mono: successfully reloaded assembly
- Completed reload, in  5.140 seconds
Platform modules already initialized, skipping
========================================================================
Worker process is ready to serve import requests
Launched and connected shader compiler UnityShaderCompiler.exe after 0.31 seconds
Refreshing native plugins compatible for Editor in 2.61 ms, found 2 plugins.
Preloading 0 native plugins for Editor in 0.00 ms.
Unloading 1387 Unused Serialized files (Serialized files now loaded: 0)
System memory in use before: 64.8 MB.
System memory in use after: 64.9 MB.

Unloading 19 unused Assets to reduce memory usage. Loaded Objects now: 1821.
Total: 10.813800 ms (FindLiveObjects: 0.617900 ms CreateObjectMapping: 0.267400 ms MarkObjects: 9.538900 ms  DeleteObjects: 0.384500 ms)

AssetImportParameters requested are different than current active one (requested -> active):
  requireTextureImportCompression: false -> true
========================================================================
Received Import Request.
  path: Assets/Scripts/Ball.mat
  artifactKey: Guid(7c88027fdf8aaa246ad025bc0c51ea66) Importer(815301076,1909f56bfc062723c751e8b465ee728b)
Start importing Assets/Scripts/Ball.mat using Guid(7c88027fdf8aaa246ad025bc0c51ea66) Importer(815301076,1909f56bfc062723c751e8b465ee728b)  -> (artifact id: '56c52225f666c0296c56b8ddb7432f3e') in 1.187679 seconds
  Import took 1.239949 seconds .

========================================================================
Received Import Request.
  Time since last request: 0.001486 seconds.
  path: Assets/Scripts/Table.mat
  artifactKey: Guid(8ac366a90d4b4ec42b3562143b52091d) Importer(815301076,1909f56bfc062723c751e8b465ee728b)
Start importing Assets/Scripts/Table.mat using Guid(8ac366a90d4b4ec42b3562143b52091d) Importer(815301076,1909f56bfc062723c751e8b465ee728b)  -> (artifact id: 'cee805d232fbf27d759cc58653fb789b') in 0.136554 seconds
  Import took 0.168800 seconds .

========================================================================
Received Prepare
Registering precompiled user dll's ...
Registered in 0.010494 seconds.
Begin MonoManager ReloadAssembly
Native extension for WindowsStandalone target not found
Refreshing native plugins compatible for Editor in 1.78 ms, found 2 plugins.
Preloading 0 native plugins for Editor in 0.00 ms.
Mono: successfully reloaded assembly
- Completed reload, in  6.381 seconds
Platform modules already initialized, skipping
Refreshing native plugins compatible for Editor in 2.30 ms, found 2 plugins.
Preloading 0 native plugins for Editor in 0.00 ms.
Unloading 1382 Unused Serialized files (Serialized files now loaded: 0)
System memory in use before: 68.1 MB.
System memory in use after: 68.2 MB.

Unloading 14 unused Assets to reduce memory usage. Loaded Objects now: 1864.
Total: 15.477200 ms (FindLiveObjects: 2.686600 ms CreateObjectMapping: 0.407400 ms MarkObjects: 11.952800 ms  DeleteObjects: 0.423000 ms)

AssetImportParameters requested are different than current active one (requested -> active):
  requireTextureImportCompression: false -> true
========================================================================
Received Prepare
Registering precompiled user dll's ...
Registered in 0.013199 seconds.
Begin MonoManager ReloadAssembly
Native extension for WindowsStandalone target not found
Refreshing native plugins compatible for Editor in 1.34 ms, found 2 plugins.
Preloading 0 native plugins for Editor in 0.00 ms.
Mono: successfully reloaded assembly
- Completed reload, in  5.577 seconds
Platform modules already initialized, skipping
Refreshing native plugins compatible for Editor in 2.29 ms, found 2 plugins.
Preloading 0 native plugins for Editor in 0.00 ms.
Unloading 1382 Unused Serialized files (Serialized files now loaded: 0)
System memory in use before: 68.1 MB.
System memory in use after: 68.2 MB.

Unloading 14 unused Assets to reduce memory usage. Loaded Objects now: 1867.
Total: 9.410900 ms (FindLiveObjects: 0.656100 ms CreateObjectMapping: 0.274400 ms MarkObjects: 8.295900 ms  DeleteObjects: 0.179800 ms)

AssetImportParameters requested are different than current active one (requested -> active):
  requireTextureImportCompression: false -> true
========================================================================
Received Import Request.
  Time since last request: 224.967127 seconds.
  path: Assets/Scripts
  artifactKey: Guid(c5a899c581b033445a8cc6bf89185bd0) Importer(815301076,1909f56bfc062723c751e8b465ee728b)
Start importing Assets/Scripts using Guid(c5a899c581b033445a8cc6bf89185bd0) Importer(815301076,1909f56bfc062723c751e8b465ee728b)  -> (artifact id: '5fd778b40540688f004f69f13682cbc2') in 0.037341 seconds
  Import took 0.080154 seconds .

========================================================================
Received Prepare
Registering precompiled user dll's ...
Registered in 0.013684 seconds.
Begin MonoManager ReloadAssembly
Native extension for WindowsStandalone target not found
Refreshing native plugins compatible for Editor in 1.28 ms, found 2 plugins.
Preloading 0 native plugins for Editor in 0.00 ms.
Mono: successfully reloaded assembly
- Completed reload, in  6.407 seconds
Platform modules already initialized, skipping
Refreshing native plugins compatible for Editor in 16.50 ms, found 2 plugins.
Preloading 0 native plugins for Editor in 0.00 ms.
Unloading 1382 Unused Serialized files (Serialized files now loaded: 0)
System memory in use before: 68.1 MB.
System memory in use after: 68.2 MB.

Unloading 14 unused Assets to reduce memory usage. Loaded Objects now: 1870.
Total: 11.603900 ms (FindLiveObjects: 0.813800 ms CreateObjectMapping: 0.434700 ms MarkObjects: 10.122900 ms  DeleteObjects: 0.225900 ms)

AssetImportParameters requested are different than current active one (requested -> active):
  requireTextureImportCompression: false -> true
========================================================================
Received Prepare
Registering precompiled user dll's ...
Registered in 0.016816 seconds.
Begin MonoManager ReloadAssembly
Native extension for WindowsStandalone target not found
Refreshing native plugins compatible for Editor in 1.06 ms, found 2 plugins.
Preloading 0 native plugins for Editor in 0.00 ms.
Mono: successfully reloaded assembly
- Completed reload, in  6.045 seconds
Platform modules already initialized, skipping
Refreshing native plugins compatible for Editor in 2.21 ms, found 2 plugins.
Preloading 0 native plugins for Editor in 0.00 ms.
Unloading 1382 Unused Serialized files (Serialized files now loaded: 0)
System memory in use before: 68.2 MB.
System memory in use after: 68.2 MB.

Unloading 14 unused Assets to reduce memory usage. Loaded Objects now: 1873.
Total: 22.302400 ms (FindLiveObjects: 0.885900 ms CreateObjectMapping: 0.368300 ms MarkObjects: 20.811000 ms  DeleteObjects: 0.229700 ms)

AssetImportParameters requested are different than current active one (requested -> active):
  requireTextureImportCompression: false -> true
========================================================================
Received Prepare
Registering precompiled user dll's ...
Registered in 0.013163 seconds.
Begin MonoManager ReloadAssembly
Native extension for WindowsStandalone target not found
Refreshing native plugins compatible for Editor in 1.09 ms, found 2 plugins.
Preloading 0 native plugins for Editor in 0.00 ms.
Mono: successfully reloaded assembly
- Completed reload, in  6.033 seconds
Platform modules already initialized, skipping
Refreshing native plugins compatible for Editor in 1.84 ms, found 2 plugins.
Preloading 0 native plugins for Editor in 0.00 ms.
Unloading 1382 Unused Serialized files (Serialized files now loaded: 0)
System memory in use before: 68.2 MB.
System memory in use after: 68.2 MB.

Unloading 14 unused Assets to reduce memory usage. Loaded Objects now: 1876.
Total: 12.895100 ms (FindLiveObjects: 1.205400 ms CreateObjectMapping: 0.915000 ms MarkObjects: 10.569600 ms  DeleteObjects: 0.198700 ms)

AssetImportParameters requested are different than current active one (requested -> active):
  requireTextureImportCompression: false -> true
========================================================================
Received Prepare
Registering precompiled user dll's ...
Registered in 0.017130 seconds.
Begin MonoManager ReloadAssembly
Native extension for WindowsStandalone target not found
Refreshing native plugins compatible for Editor in 2.79 ms, found 2 plugins.
Preloading 0 native plugins for Editor in 0.00 ms.
Mono: successfully reloaded assembly
- Completed reload, in 11.768 seconds
Platform modules already initialized, skipping
Refreshing native plugins compatible for Editor in 3.56 ms, found 2 plugins.
Preloading 0 native plugins for Editor in 0.00 ms.
Unloading 1382 Unused Serialized files (Serialized files now loaded: 0)
System memory in use before: 68.2 MB.
System memory in use after: 68.2 MB.

Unloading 14 unused Assets to reduce memory usage. Loaded Objects now: 1879.
Total: 33.811900 ms (FindLiveObjects: 1.672700 ms CreateObjectMapping: 1.383000 ms MarkObjects: 30.409000 ms  DeleteObjects: 0.297600 ms)

AssetImportParameters requested are different than current active one (requested -> active):
  requireTextureImportCompression: false -> true
========================================================================
Received Prepare
Registering precompiled user dll's ...
Registered in 0.015156 seconds.
Begin MonoManager ReloadAssembly
Native extension for WindowsStandalone target not found
Refreshing native plugins compatible for Editor in 1.12 ms, found 2 plugins.
Preloading 0 native plugins for Editor in 0.00 ms.
Mono: successfully reloaded assembly
- Completed reload, in  8.120 seconds
Platform modules already initialized, skipping
Refreshing native plugins compatible for Editor in 2.55 ms, found 2 plugins.
Preloading 0 native plugins for Editor in 0.00 ms.
Unloading 1382 Unused Serialized files (Serialized files now loaded: 0)
System memory in use before: 68.2 MB.
System memory in use after: 68.3 MB.

Unloading 14 unused Assets to reduce memory usage. Loaded Objects now: 1882.
Total: 34.353400 ms (FindLiveObjects: 1.219800 ms CreateObjectMapping: 0.451400 ms MarkObjects: 31.996400 ms  DeleteObjects: 0.678200 ms)

AssetImportParameters requested are different than current active one (requested -> active):
  requireTextureImportCompression: false -> true
========================================================================
Received Import Request.
  Time since last request: 868.286840 seconds.
  path: Assets/Scripts/BallController.cs
  artifactKey: Guid(0a941923f206e2148a7159639d35ac38) Importer(815301076,1909f56bfc062723c751e8b465ee728b)
Start importing Assets/Scripts/BallController.cs using Guid(0a941923f206e2148a7159639d35ac38) Importer(815301076,1909f56bfc062723c751e8b465ee728b)  -> (artifact id: 'd94a1ac0e9bfa48e58f7c2bdc5e460c2') in 0.163471 seconds
  Import took 0.333283 seconds .

========================================================================
Received Prepare
Registering precompiled user dll's ...
Registered in 0.013256 seconds.
Begin MonoManager ReloadAssembly
Native extension for WindowsStandalone target not found
Refreshing native plugins compatible for Editor in 1.11 ms, found 2 plugins.
Preloading 0 native plugins for Editor in 0.00 ms.
Mono: successfully reloaded assembly
- Completed reload, in  5.972 seconds
Platform modules already initialized, skipping
Refreshing native plugins compatible for Editor in 1.69 ms, found 2 plugins.
Preloading 0 native plugins for Editor in 0.00 ms.
Unloading 1383 Unused Serialized files (Serialized files now loaded: 0)
System memory in use before: 68.2 MB.
System memory in use after: 68.3 MB.

Unloading 14 unused Assets to reduce memory usage. Loaded Objects now: 1886.
Total: 8.034400 ms (FindLiveObjects: 0.896400 ms CreateObjectMapping: 0.375900 ms MarkObjects: 6.568200 ms  DeleteObjects: 0.188700 ms)

AssetImportParameters requested are different than current active one (requested -> active):
  requireTextureImportCompression: false -> true
========================================================================
Received Prepare
Registering precompiled user dll's ...
Registered in 0.019394 seconds.
Begin MonoManager ReloadAssembly
Native extension for WindowsStandalone target not found
Refreshing native plugins compatible for Editor in 1.17 ms, found 2 plugins.
Preloading 0 native plugins for Editor in 0.00 ms.
Mono: successfully reloaded assembly
- Completed reload, in  5.187 seconds
Platform modules already initialized, skipping
Refreshing native plugins compatible for Editor in 1.67 ms, found 2 plugins.
Preloading 0 native plugins for Editor in 0.00 ms.
Unloading 1383 Unused Serialized files (Serialized files now loaded: 0)
System memory in use before: 68.2 MB.
System memory in use after: 68.3 MB.

Unloading 14 unused Assets to reduce memory usage. Loaded Objects now: 1889.
Total: 30.034800 ms (FindLiveObjects: 4.281500 ms CreateObjectMapping: 0.414600 ms MarkObjects: 24.916700 ms  DeleteObjects: 0.414000 ms)

AssetImportParameters requested are different than current active one (requested -> active):
  requireTextureImportCompression: false -> true
========================================================================
Received Prepare
Registering precompiled user dll's ...
Registered in 0.012425 seconds.
Begin MonoManager ReloadAssembly
Native extension for WindowsStandalone target not found
Refreshing native plugins compatible for Editor in 1.53 ms, found 2 plugins.
Preloading 0 native plugins for Editor in 0.00 ms.
Mono: successfully reloaded assembly
- Completed reload, in  5.674 seconds
Platform modules already initialized, skipping
Refreshing native plugins compatible for Editor in 3.05 ms, found 2 plugins.
Preloading 0 native plugins for Editor in 0.00 ms.
Unloading 1383 Unused Serialized files (Serialized files now loaded: 0)
System memory in use before: 68.2 MB.
System memory in use after: 68.3 MB.

Unloading 14 unused Assets to reduce memory usage. Loaded Objects now: 1892.
Total: 11.226000 ms (FindLiveObjects: 0.684000 ms CreateObjectMapping: 0.326700 ms MarkObjects: 9.938300 ms  DeleteObjects: 0.270500 ms)

AssetImportParameters requested are different than current active one (requested -> active):
  requireTextureImportCompression: false -> true
========================================================================
Received Prepare
Registering precompiled user dll's ...
Registered in 0.015461 seconds.
Begin MonoManager ReloadAssembly
Native extension for WindowsStandalone target not found
Refreshing native plugins compatible for Editor in 1.91 ms, found 2 plugins.
Preloading 0 native plugins for Editor in 0.00 ms.
Mono: successfully reloaded assembly
- Completed reload, in  8.259 seconds
Platform modules already initialized, skipping
Refreshing native plugins compatible for Editor in 1.73 ms, found 2 plugins.
Preloading 0 native plugins for Editor in 0.00 ms.
Unloading 1383 Unused Serialized files (Serialized files now loaded: 0)
System memory in use before: 68.2 MB.
System memory in use after: 68.3 MB.

Unloading 14 unused Assets to reduce memory usage. Loaded Objects now: 1895.
Total: 16.660500 ms (FindLiveObjects: 2.698000 ms CreateObjectMapping: 1.745400 ms MarkObjects: 11.979000 ms  DeleteObjects: 0.231600 ms)

AssetImportParameters requested are different than current active one (requested -> active):
  requireTextureImportCompression: false -> true
========================================================================
Received Prepare
Registering precompiled user dll's ...
Registered in 0.023702 seconds.
Begin MonoManager ReloadAssembly
Native extension for WindowsStandalone target not found
Refreshing native plugins compatible for Editor in 1.30 ms, found 2 plugins.
Preloading 0 native plugins for Editor in 0.00 ms.
Mono: successfully reloaded assembly
- Completed reload, in  6.510 seconds
Platform modules already initialized, skipping
Refreshing native plugins compatible for Editor in 1.95 ms, found 2 plugins.
Preloading 0 native plugins for Editor in 0.00 ms.
Unloading 1383 Unused Serialized files (Serialized files now loaded: 0)
System memory in use before: 68.2 MB.
System memory in use after: 68.3 MB.

Unloading 14 unused Assets to reduce memory usage. Loaded Objects now: 1898.
Total: 14.749800 ms (FindLiveObjects: 3.688800 ms CreateObjectMapping: 0.465400 ms MarkObjects: 10.351400 ms  DeleteObjects: 0.237200 ms)

AssetImportParameters requested are different than current active one (requested -> active):
  requireTextureImportCompression: false -> true
========================================================================
Received Prepare
Registering precompiled user dll's ...
Registered in 0.014944 seconds.
Begin MonoManager ReloadAssembly
Native extension for WindowsStandalone target not found
Refreshing native plugins compatible for Editor in 3.43 ms, found 2 plugins.
Preloading 0 native plugins for Editor in 0.00 ms.
Mono: successfully reloaded assembly
- Completed reload, in 11.752 seconds
Platform modules already initialized, skipping
Refreshing native plugins compatible for Editor in 1.85 ms, found 2 plugins.
Preloading 0 native plugins for Editor in 0.00 ms.
Unloading 1383 Unused Serialized files (Serialized files now loaded: 0)
System memory in use before: 68.2 MB.
System memory in use after: 68.3 MB.

Unloading 14 unused Assets to reduce memory usage. Loaded Objects now: 1901.
Total: 14.633400 ms (FindLiveObjects: 0.668400 ms CreateObjectMapping: 0.273200 ms MarkObjects: 13.496400 ms  DeleteObjects: 0.190600 ms)

AssetImportParameters requested are different than current active one (requested -> active):
  requireTextureImportCompression: false -> true
========================================================================
Received Prepare
Registering precompiled user dll's ...
Registered in 0.012823 seconds.
Begin MonoManager ReloadAssembly
Native extension for WindowsStandalone target not found
Refreshing native plugins compatible for Editor in 1.09 ms, found 2 plugins.
Preloading 0 native plugins for Editor in 0.00 ms.
Mono: successfully reloaded assembly
- Completed reload, in  6.754 seconds
Platform modules already initialized, skipping
Refreshing native plugins compatible for Editor in 2.54 ms, found 2 plugins.
Preloading 0 native plugins for Editor in 0.00 ms.
Unloading 1383 Unused Serialized files (Serialized files now loaded: 0)
System memory in use before: 68.2 MB.
System memory in use after: 68.3 MB.

Unloading 14 unused Assets to reduce memory usage. Loaded Objects now: 1904.
Total: 10.506900 ms (FindLiveObjects: 0.670100 ms CreateObjectMapping: 0.262600 ms MarkObjects: 9.343600 ms  DeleteObjects: 0.224500 ms)

AssetImportParameters requested are different than current active one (requested -> active):
  requireTextureImportCompression: false -> true
========================================================================
Received Prepare
Registering precompiled user dll's ...
Registered in 0.012536 seconds.
Begin MonoManager ReloadAssembly
Native extension for WindowsStandalone target not found
Refreshing native plugins compatible for Editor in 1.12 ms, found 2 plugins.
Preloading 0 native plugins for Editor in 0.00 ms.
Mono: successfully reloaded assembly
- Completed reload, in  5.378 seconds
Platform modules already initialized, skipping
Refreshing native plugins compatible for Editor in 3.12 ms, found 2 plugins.
Preloading 0 native plugins for Editor in 0.00 ms.
Unloading 1383 Unused Serialized files (Serialized files now loaded: 0)
System memory in use before: 68.2 MB.
System memory in use after: 68.3 MB.

Unloading 14 unused Assets to reduce memory usage. Loaded Objects now: 1907.
Total: 9.218800 ms (FindLiveObjects: 0.916100 ms CreateObjectMapping: 0.308400 ms MarkObjects: 7.748700 ms  DeleteObjects: 0.239700 ms)

AssetImportParameters requested are different than current active one (requested -> active):
  requireTextureImportCompression: false -> true
========================================================================
Received Prepare
Registering precompiled user dll's ...
Registered in 0.017475 seconds.
Begin MonoManager ReloadAssembly
Native extension for WindowsStandalone target not found
Refreshing native plugins compatible for Editor in 1.19 ms, found 2 plugins.
Preloading 0 native plugins for Editor in 0.00 ms.
Mono: successfully reloaded assembly
- Completed reload, in  6.823 seconds
Platform modules already initialized, skipping
Refreshing native plugins compatible for Editor in 2.62 ms, found 2 plugins.
Preloading 0 native plugins for Editor in 0.00 ms.
Unloading 1383 Unused Serialized files (Serialized files now loaded: 0)
System memory in use before: 68.2 MB.
System memory in use after: 68.3 MB.

Unloading 14 unused Assets to reduce memory usage. Loaded Objects now: 1910.
Total: 12.250600 ms (FindLiveObjects: 0.678000 ms CreateObjectMapping: 0.287000 ms MarkObjects: 11.031100 ms  DeleteObjects: 0.247300 ms)

AssetImportParameters requested are different than current active one (requested -> active):
  requireTextureImportCompression: false -> true
========================================================================
Received Prepare
Registering precompiled user dll's ...
Registered in 0.013986 seconds.
Begin MonoManager ReloadAssembly
Native extension for WindowsStandalone target not found
Refreshing native plugins compatible for Editor in 1.06 ms, found 2 plugins.
Preloading 0 native plugins for Editor in 0.00 ms.
Mono: successfully reloaded assembly
- Completed reload, in  5.144 seconds
Platform modules already initialized, skipping
Refreshing native plugins compatible for Editor in 12.06 ms, found 2 plugins.
Preloading 0 native plugins for Editor in 0.00 ms.
Unloading 1383 Unused Serialized files (Serialized files now loaded: 0)
System memory in use before: 68.3 MB.
System memory in use after: 68.3 MB.

Unloading 14 unused Assets to reduce memory usage. Loaded Objects now: 1913.
Total: 7.221500 ms (FindLiveObjects: 0.630500 ms CreateObjectMapping: 0.400700 ms MarkObjects: 6.000900 ms  DeleteObjects: 0.185300 ms)

AssetImportParameters requested are different than current active one (requested -> active):
  requireTextureImportCompression: false -> true
========================================================================
Received Import Request.
  Time since last request: 1407.076228 seconds.
  path: Assets/Scripts/GameManager.cs
  artifactKey: Guid(6eb0a192b3c3c7b469f32d011bde031a) Importer(815301076,1909f56bfc062723c751e8b465ee728b)
Start importing Assets/Scripts/GameManager.cs using Guid(6eb0a192b3c3c7b469f32d011bde031a) Importer(815301076,1909f56bfc062723c751e8b465ee728b)  -> (artifact id: '90f4616bfc00fba740dcd393b0d64313') in 0.127953 seconds
  Import took 0.164480 seconds .

========================================================================
Received Prepare
Registering precompiled user dll's ...
Registered in 0.019866 seconds.
Begin MonoManager ReloadAssembly
Native extension for WindowsStandalone target not found
Refreshing native plugins compatible for Editor in 1.11 ms, found 2 plugins.
Preloading 0 native plugins for Editor in 0.00 ms.
Mono: successfully reloaded assembly
- Completed reload, in  6.140 seconds
Platform modules already initialized, skipping
Refreshing native plugins compatible for Editor in 2.36 ms, found 2 plugins.
Preloading 0 native plugins for Editor in 0.00 ms.
Unloading 1384 Unused Serialized files (Serialized files now loaded: 0)
System memory in use before: 68.3 MB.
System memory in use after: 68.4 MB.

Unloading 14 unused Assets to reduce memory usage. Loaded Objects now: 1917.
Total: 15.545100 ms (FindLiveObjects: 1.776200 ms CreateObjectMapping: 0.422900 ms MarkObjects: 13.074700 ms  DeleteObjects: 0.263100 ms)

AssetImportParameters requested are different than current active one (requested -> active):
  requireTextureImportCompression: false -> true
========================================================================
Received Prepare
Registering precompiled user dll's ...
Registered in 0.017331 seconds.
Begin MonoManager ReloadAssembly
Native extension for WindowsStandalone target not found
Refreshing native plugins compatible for Editor in 1.50 ms, found 2 plugins.
Preloading 0 native plugins for Editor in 0.00 ms.
Mono: successfully reloaded assembly
- Completed reload, in  6.249 seconds
Platform modules already initialized, skipping
Refreshing native plugins compatible for Editor in 2.29 ms, found 2 plugins.
Preloading 0 native plugins for Editor in 0.00 ms.
Unloading 1384 Unused Serialized files (Serialized files now loaded: 0)
System memory in use before: 68.3 MB.
System memory in use after: 68.4 MB.

Unloading 14 unused Assets to reduce memory usage. Loaded Objects now: 1920.
Total: 8.502200 ms (FindLiveObjects: 0.733900 ms CreateObjectMapping: 0.349100 ms MarkObjects: 6.768000 ms  DeleteObjects: 0.646600 ms)

AssetImportParameters requested are different than current active one (requested -> active):
  requireTextureImportCompression: false -> true
========================================================================
Received Prepare
Registering precompiled user dll's ...
Registered in 0.065882 seconds.
Begin MonoManager ReloadAssembly
Native extension for WindowsStandalone target not found
Refreshing native plugins compatible for Editor in 1.80 ms, found 2 plugins.
Preloading 0 native plugins for Editor in 0.00 ms.
Mono: successfully reloaded assembly
- Completed reload, in 30.332 seconds
Platform modules already initialized, skipping
Refreshing native plugins compatible for Editor in 1.69 ms, found 2 plugins.
Preloading 0 native plugins for Editor in 0.00 ms.
Unloading 1384 Unused Serialized files (Serialized files now loaded: 0)
System memory in use before: 68.3 MB.
System memory in use after: 68.4 MB.

Unloading 14 unused Assets to reduce memory usage. Loaded Objects now: 1923.
Total: 14.134400 ms (FindLiveObjects: 1.312100 ms CreateObjectMapping: 0.832500 ms MarkObjects: 11.708500 ms  DeleteObjects: 0.272400 ms)

AssetImportParameters requested are different than current active one (requested -> active):
  requireTextureImportCompression: false -> true
========================================================================
Received Prepare
Registering precompiled user dll's ...
Registered in 0.057065 seconds.
Begin MonoManager ReloadAssembly
Native extension for WindowsStandalone target not found
Refreshing native plugins compatible for Editor in 2.20 ms, found 2 plugins.
Preloading 0 native plugins for Editor in 0.00 ms.
Mono: successfully reloaded assembly
- Completed reload, in  8.564 seconds
Platform modules already initialized, skipping
Refreshing native plugins compatible for Editor in 3.16 ms, found 2 plugins.
Preloading 0 native plugins for Editor in 0.00 ms.
Unloading 1384 Unused Serialized files (Serialized files now loaded: 0)
System memory in use before: 68.3 MB.
System memory in use after: 68.4 MB.

Unloading 14 unused Assets to reduce memory usage. Loaded Objects now: 1926.
Total: 14.741600 ms (FindLiveObjects: 1.162700 ms CreateObjectMapping: 0.701200 ms MarkObjects: 12.556700 ms  DeleteObjects: 0.312900 ms)

AssetImportParameters requested are different than current active one (requested -> active):
  requireTextureImportCompression: false -> true
========================================================================
Received Prepare
Registering precompiled user dll's ...
Registered in 0.036807 seconds.
Begin MonoManager ReloadAssembly
Native extension for WindowsStandalone target not found
Refreshing native plugins compatible for Editor in 1.16 ms, found 2 plugins.
Preloading 0 native plugins for Editor in 0.00 ms.
Mono: successfully reloaded assembly
- Completed reload, in  7.748 seconds
Platform modules already initialized, skipping
Refreshing native plugins compatible for Editor in 1.92 ms, found 2 plugins.
Preloading 0 native plugins for Editor in 0.00 ms.
Unloading 1384 Unused Serialized files (Serialized files now loaded: 0)
System memory in use before: 68.3 MB.
System memory in use after: 68.4 MB.

Unloading 14 unused Assets to reduce memory usage. Loaded Objects now: 1929.
Total: 20.635600 ms (FindLiveObjects: 0.801700 ms CreateObjectMapping: 0.780100 ms MarkObjects: 18.584100 ms  DeleteObjects: 0.462100 ms)

AssetImportParameters requested are different than current active one (requested -> active):
  requireTextureImportCompression: false -> true
========================================================================
Received Prepare
Registering precompiled user dll's ...
Registered in 0.024042 seconds.
Begin MonoManager ReloadAssembly
Native extension for WindowsStandalone target not found
Refreshing native plugins compatible for Editor in 3.86 ms, found 2 plugins.
Preloading 0 native plugins for Editor in 0.00 ms.
Mono: successfully reloaded assembly
- Completed reload, in 16.002 seconds
Platform modules already initialized, skipping
Refreshing native plugins compatible for Editor in 2.55 ms, found 2 plugins.
Preloading 0 native plugins for Editor in 0.00 ms.
Unloading 1384 Unused Serialized files (Serialized files now loaded: 0)
System memory in use before: 68.3 MB.
System memory in use after: 68.4 MB.

Unloading 14 unused Assets to reduce memory usage. Loaded Objects now: 1932.
Total: 52.996700 ms (FindLiveObjects: 2.698200 ms CreateObjectMapping: 0.393600 ms MarkObjects: 49.592900 ms  DeleteObjects: 0.269600 ms)

AssetImportParameters requested are different than current active one (requested -> active):
  requireTextureImportCompression: false -> true
========================================================================
Received Import Request.
  Time since last request: 4853.096629 seconds.
  path: Assets/Scripts/Bomb.mat
  artifactKey: Guid(83a64b86afa2ced48a91dc2cad2ad0d5) Importer(815301076,1909f56bfc062723c751e8b465ee728b)
Start importing Assets/Scripts/Bomb.mat using Guid(83a64b86afa2ced48a91dc2cad2ad0d5) Importer(815301076,1909f56bfc062723c751e8b465ee728b)  -> (artifact id: 'a94eda40c850fb4494837c2cfc06c09a') in 0.549077 seconds
  Import took 0.631607 seconds .

========================================================================
Received Import Request.
  Time since last request: 7.185977 seconds.
  path: Assets/Scripts/Gold.mat
  artifactKey: Guid(df4d1d42a4de7ab48a0a7060a11c31c2) Importer(815301076,1909f56bfc062723c751e8b465ee728b)
Start importing Assets/Scripts/Gold.mat using Guid(df4d1d42a4de7ab48a0a7060a11c31c2) Importer(815301076,1909f56bfc062723c751e8b465ee728b)  -> (artifact id: '965bda7ed0e441941673ae4d6a759b01') in 0.183254 seconds
  Import took 0.204224 seconds .

========================================================================
Received Import Request.
  Time since last request: 84.953663 seconds.
  path: Assets/Scripts/Bomb.mat
  artifactKey: Guid(83a64b86afa2ced48a91dc2cad2ad0d5) Importer(815301076,1909f56bfc062723c751e8b465ee728b)
Start importing Assets/Scripts/Bomb.mat using Guid(83a64b86afa2ced48a91dc2cad2ad0d5) Importer(815301076,1909f56bfc062723c751e8b465ee728b)  -> (artifact id: '3c8426a8d6aa251e9df0250ea0fed809') in 0.520327 seconds
  Import took 0.575458 seconds .

========================================================================
Received Import Request.
  Time since last request: 0.001007 seconds.
  path: Assets/Scripts/Gold.mat
  artifactKey: Guid(df4d1d42a4de7ab48a0a7060a11c31c2) Importer(815301076,1909f56bfc062723c751e8b465ee728b)
Start importing Assets/Scripts/Gold.mat using Guid(df4d1d42a4de7ab48a0a7060a11c31c2) Importer(815301076,1909f56bfc062723c751e8b465ee728b)  -> (artifact id: '934a6c0c135164ebdf784a166938411a') in 0.395080 seconds
  Import took 0.554017 seconds .

========================================================================
Received Import Request.
  Time since last request: 12.822687 seconds.
  path: Assets/Bomb.prefab
  artifactKey: Guid(9db885e55bd8c05478cab06b4520823d) Importer(815301076,1909f56bfc062723c751e8b465ee728b)
Start importing Assets/Bomb.prefab using Guid(9db885e55bd8c05478cab06b4520823d) Importer(815301076,1909f56bfc062723c751e8b465ee728b)  -> (artifact id: 'af33a9690873d3a83dc8acff96e8120c') in 0.255549 seconds
  Import took 0.540954 seconds .

========================================================================
Received Import Request.
  Time since last request: 0.165432 seconds.
  path: Assets/Bomb.prefab
  artifactKey: Guid(9db885e55bd8c05478cab06b4520823d) Importer(815301076,1909f56bfc062723c751e8b465ee728b)
Start importing Assets/Bomb.prefab using Guid(9db885e55bd8c05478cab06b4520823d) Importer(815301076,1909f56bfc062723c751e8b465ee728b)  -> (artifact id: 'af33a9690873d3a83dc8acff96e8120c') in 0.178298 seconds
  Import took 0.202313 seconds .

========================================================================
Received Import Request.
  Time since last request: 1.090992 seconds.
  path: Assets/Gold.prefab
  artifactKey: Guid(7d58a888a0072c5439a2de3abe0357a4) Importer(815301076,1909f56bfc062723c751e8b465ee728b)
Start importing Assets/Gold.prefab using Guid(7d58a888a0072c5439a2de3abe0357a4) Importer(815301076,1909f56bfc062723c751e8b465ee728b)  -> (artifact id: '038539dea060e25001e19a6bf34cc66c') in 0.114542 seconds
  Import took 0.161701 seconds .

========================================================================
Received Import Request.
  Time since last request: 0.128313 seconds.
  path: Assets/Gold.prefab
  artifactKey: Guid(7d58a888a0072c5439a2de3abe0357a4) Importer(815301076,1909f56bfc062723c751e8b465ee728b)
Start importing Assets/Gold.prefab using Guid(7d58a888a0072c5439a2de3abe0357a4) Importer(815301076,1909f56bfc062723c751e8b465ee728b)  -> (artifact id: '038539dea060e25001e19a6bf34cc66c') in 0.097742 seconds
  Import took 0.117675 seconds .

========================================================================
Received Import Request.
  Time since last request: 16.181347 seconds.
  path: Assets/Resources
  artifactKey: Guid(a92a6981349db4945a83a283b8a942d3) Importer(815301076,1909f56bfc062723c751e8b465ee728b)
Start importing Assets/Resources using Guid(a92a6981349db4945a83a283b8a942d3) Importer(815301076,1909f56bfc062723c751e8b465ee728b)  -> (artifact id: 'f8753c9161a9c610ea8acd957fd22be0') in 0.100877 seconds
  Import took 0.243440 seconds .

========================================================================
Received Import Request.
  Time since last request: 8.921889 seconds.
  path: Assets/NewBehaviourScript.cs
  artifactKey: Guid(d4cb89869ffd04345828b8bcaf7ca034) Importer(815301076,1909f56bfc062723c751e8b465ee728b)
Start importing Assets/NewBehaviourScript.cs using Guid(d4cb89869ffd04345828b8bcaf7ca034) Importer(815301076,1909f56bfc062723c751e8b465ee728b)  -> (artifact id: '67b50fcb7a82fe8287d46a8aba9a3ae2') in 0.048934 seconds
  Import took 0.100322 seconds .

========================================================================
Received Prepare
Registering precompiled user dll's ...
Registered in 0.019163 seconds.
Begin MonoManager ReloadAssembly
Native extension for WindowsStandalone target not found
Refreshing native plugins compatible for Editor in 1.12 ms, found 2 plugins.
Preloading 0 native plugins for Editor in 0.00 ms.
Mono: successfully reloaded assembly
- Completed reload, in  8.534 seconds
Platform modules already initialized, skipping
Refreshing native plugins compatible for Editor in 2.23 ms, found 2 plugins.
Preloading 0 native plugins for Editor in 0.00 ms.
Unloading 1384 Unused Serialized files (Serialized files now loaded: 0)
System memory in use before: 68.6 MB.
System memory in use after: 68.7 MB.

Unloading 14 unused Assets to reduce memory usage. Loaded Objects now: 1938.
Total: 23.525900 ms (FindLiveObjects: 0.900000 ms CreateObjectMapping: 0.510800 ms MarkObjects: 21.546300 ms  DeleteObjects: 0.561600 ms)

AssetImportParameters requested are different than current active one (requested -> active):
  requireTextureImportCompression: false -> true
========================================================================
Received Import Request.
  Time since last request: 37.524831 seconds.
  path: Assets/Materials
  artifactKey: Guid(ca1c6822cb0e56641bf4e6f4fd4cf071) Importer(815301076,1909f56bfc062723c751e8b465ee728b)
Start importing Assets/Materials using Guid(ca1c6822cb0e56641bf4e6f4fd4cf071) Importer(815301076,1909f56bfc062723c751e8b465ee728b)  -> (artifact id: '7991f97b2abee266f3799b61052f6a70') in 0.057342 seconds
  Import took 0.074131 seconds .

========================================================================
Received Import Request.
  Time since last request: 0.030201 seconds.
  path: Assets/Materials
  artifactKey: Guid(ca1c6822cb0e56641bf4e6f4fd4cf071) Importer(815301076,1909f56bfc062723c751e8b465ee728b)
Start importing Assets/Materials using Guid(ca1c6822cb0e56641bf4e6f4fd4cf071) Importer(815301076,1909f56bfc062723c751e8b465ee728b)  -> (artifact id: '7991f97b2abee266f3799b61052f6a70') in 0.013988 seconds
  Import took 0.055777 seconds .

========================================================================
Received Import Request.
  Time since last request: 27.710791 seconds.
  path: ProjectSettings/TagManager.asset
  artifactKey: Guid(00000000000000003000000000000000) Importer(815301076,1909f56bfc062723c751e8b465ee728b)
Start importing ProjectSettings/TagManager.asset using Guid(00000000000000003000000000000000) Importer(815301076,1909f56bfc062723c751e8b465ee728b)  -> (artifact id: 'ce6a35c3cddc746e7501c0bd0ed6d4ce') in 0.212889 seconds
  Import took 0.231482 seconds .

========================================================================
Received Import Request.
  Time since last request: 13.459733 seconds.
  path: ProjectSettings/TagManager.asset
  artifactKey: Guid(00000000000000003000000000000000) Importer(815301076,1909f56bfc062723c751e8b465ee728b)
Start importing ProjectSettings/TagManager.asset using Guid(00000000000000003000000000000000) Importer(815301076,1909f56bfc062723c751e8b465ee728b)  -> (artifact id: 'd10148ab1ccc42e98461bd5882710500') in 0.020119 seconds
  Import took 0.059475 seconds .

========================================================================
Received Prepare
Registering precompiled user dll's ...
Registered in 0.021288 seconds.
Begin MonoManager ReloadAssembly
Native extension for WindowsStandalone target not found
Refreshing native plugins compatible for Editor in 1.21 ms, found 2 plugins.
Preloading 0 native plugins for Editor in 0.00 ms.
Mono: successfully reloaded assembly
- Completed reload, in 13.188 seconds
Platform modules already initialized, skipping
Refreshing native plugins compatible for Editor in 2.15 ms, found 2 plugins.
Preloading 0 native plugins for Editor in 0.00 ms.
Unloading 1384 Unused Serialized files (Serialized files now loaded: 0)
System memory in use before: 68.6 MB.
System memory in use after: 68.7 MB.

Unloading 16 unused Assets to reduce memory usage. Loaded Objects now: 1941.
Total: 8.367000 ms (FindLiveObjects: 0.910700 ms CreateObjectMapping: 0.491900 ms MarkObjects: 6.739800 ms  DeleteObjects: 0.220100 ms)

AssetImportParameters requested are different than current active one (requested -> active):
  requireTextureImportCompression: false -> true
========================================================================
Received Prepare
Registering precompiled user dll's ...
Registered in 0.054728 seconds.
Begin MonoManager ReloadAssembly
Native extension for WindowsStandalone target not found
Refreshing native plugins compatible for Editor in 1.69 ms, found 2 plugins.
Preloading 0 native plugins for Editor in 0.00 ms.
Mono: successfully reloaded assembly
- Completed reload, in 14.335 seconds
Platform modules already initialized, skipping
Refreshing native plugins compatible for Editor in 22.36 ms, found 2 plugins.
Preloading 0 native plugins for Editor in 0.00 ms.
Unloading 1384 Unused Serialized files (Serialized files now loaded: 0)
System memory in use before: 68.6 MB.
System memory in use after: 68.7 MB.

Unloading 14 unused Assets to reduce memory usage. Loaded Objects now: 1944.
Total: 68.620000 ms (FindLiveObjects: 0.870800 ms CreateObjectMapping: 0.317900 ms MarkObjects: 64.040000 ms  DeleteObjects: 3.382100 ms)

AssetImportParameters requested are different than current active one (requested -> active):
  requireTextureImportCompression: false -> true
========================================================================
Received Import Request.
  Time since last request: 124.699215 seconds.
  path: Assets/Resources/Gold.prefab
  artifactKey: Guid(7d58a888a0072c5439a2de3abe0357a4) Importer(815301076,1909f56bfc062723c751e8b465ee728b)
Start importing Assets/Resources/Gold.prefab using Guid(7d58a888a0072c5439a2de3abe0357a4) Importer(815301076,1909f56bfc062723c751e8b465ee728b)  -> (artifact id: '9b46ae070e178f687a8b2904dd3c508a') in 0.687503 seconds
  Import took 0.724652 seconds .

========================================================================
Received Import Request.
  Time since last request: 0.000734 seconds.
  path: Assets/Resources/Bomb.prefab
  artifactKey: Guid(9db885e55bd8c05478cab06b4520823d) Importer(815301076,1909f56bfc062723c751e8b465ee728b)
Start importing Assets/Resources/Bomb.prefab using Guid(9db885e55bd8c05478cab06b4520823d) Importer(815301076,1909f56bfc062723c751e8b465ee728b)  -> (artifact id: '8ec7ffaa4054dc05dbc64135e3299d16') in 0.068928 seconds
  Import took 0.087072 seconds .

========================================================================
Received Import Request.
  Time since last request: 5.315415 seconds.
  path: Assets/Resources/Bomb.prefab
  artifactKey: Guid(9db885e55bd8c05478cab06b4520823d) Importer(815301076,1909f56bfc062723c751e8b465ee728b)
Start importing Assets/Resources/Bomb.prefab using Guid(9db885e55bd8c05478cab06b4520823d) Importer(815301076,1909f56bfc062723c751e8b465ee728b)  -> (artifact id: '8ec7ffaa4054dc05dbc64135e3299d16') in 0.477495 seconds
  Import took 0.541467 seconds .

========================================================================
Received Prepare
Registering precompiled user dll's ...
Registered in 0.064270 seconds.
Begin MonoManager ReloadAssembly
Native extension for WindowsStandalone target not found
Refreshing native plugins compatible for Editor in 3.30 ms, found 2 plugins.
Preloading 0 native plugins for Editor in 0.00 ms.
Mono: successfully reloaded assembly
- Completed reload, in 14.128 seconds
Platform modules already initialized, skipping
Refreshing native plugins compatible for Editor in 5.42 ms, found 2 plugins.
Preloading 0 native plugins for Editor in 0.00 ms.
Unloading 1384 Unused Serialized files (Serialized files now loaded: 0)
System memory in use before: 68.6 MB.
System memory in use after: 68.7 MB.

Unloading 14 unused Assets to reduce memory usage. Loaded Objects now: 1948.
Total: 17.463700 ms (FindLiveObjects: 2.587800 ms CreateObjectMapping: 0.768400 ms MarkObjects: 13.851300 ms  DeleteObjects: 0.249000 ms)

AssetImportParameters requested are different than current active one (requested -> active):
  requireTextureImportCompression: false -> true
========================================================================
Received Prepare
Registering precompiled user dll's ...
Registered in 0.016037 seconds.
Begin MonoManager ReloadAssembly
Native extension for WindowsStandalone target not found
Refreshing native plugins compatible for Editor in 2.13 ms, found 2 plugins.
Preloading 0 native plugins for Editor in 0.00 ms.
Mono: successfully reloaded assembly
- Completed reload, in 13.193 seconds
Platform modules already initialized, skipping
Refreshing native plugins compatible for Editor in 4.86 ms, found 2 plugins.
Preloading 0 native plugins for Editor in 0.00 ms.
Unloading 1384 Unused Serialized files (Serialized files now loaded: 0)
System memory in use before: 68.6 MB.
System memory in use after: 68.7 MB.

Unloading 14 unused Assets to reduce memory usage. Loaded Objects now: 1951.
Total: 20.675300 ms (FindLiveObjects: 1.856900 ms CreateObjectMapping: 0.491400 ms MarkObjects: 17.758900 ms  DeleteObjects: 0.560200 ms)

AssetImportParameters requested are different than current active one (requested -> active):
  requireTextureImportCompression: false -> true
========================================================================
Received Prepare
Registering precompiled user dll's ...
Registered in 0.027445 seconds.
Begin MonoManager ReloadAssembly
Native extension for WindowsStandalone target not found
Refreshing native plugins compatible for Editor in 2.11 ms, found 2 plugins.
Preloading 0 native plugins for Editor in 0.00 ms.
Mono: successfully reloaded assembly
- Completed reload, in  9.849 seconds
Platform modules already initialized, skipping
Refreshing native plugins compatible for Editor in 1.68 ms, found 2 plugins.
Preloading 0 native plugins for Editor in 0.00 ms.
Unloading 1384 Unused Serialized files (Serialized files now loaded: 0)
System memory in use before: 68.6 MB.
System memory in use after: 68.7 MB.

Unloading 14 unused Assets to reduce memory usage. Loaded Objects now: 1954.
Total: 11.500500 ms (FindLiveObjects: 1.022800 ms CreateObjectMapping: 0.932300 ms MarkObjects: 9.296900 ms  DeleteObjects: 0.242000 ms)

AssetImportParameters requested are different than current active one (requested -> active):
  requireTextureImportCompression: false -> true
========================================================================
Received Import Request.
  Time since last request: 217.386810 seconds.
  path: Assets/Resources/Gold.prefab
  artifactKey: Guid(7d58a888a0072c5439a2de3abe0357a4) Importer(815301076,1909f56bfc062723c751e8b465ee728b)
Start importing Assets/Resources/Gold.prefab using Guid(7d58a888a0072c5439a2de3abe0357a4) Importer(815301076,1909f56bfc062723c751e8b465ee728b)  -> (artifact id: '8346b81dbc4c572d4eba2531371a6ea7') in 0.371525 seconds
  Import took 0.385086 seconds .

========================================================================
Received Import Request.
  Time since last request: 0.000734 seconds.
  path: Assets/Resources/Bomb.prefab
  artifactKey: Guid(9db885e55bd8c05478cab06b4520823d) Importer(815301076,1909f56bfc062723c751e8b465ee728b)
Start importing Assets/Resources/Bomb.prefab using Guid(9db885e55bd8c05478cab06b4520823d) Importer(815301076,1909f56bfc062723c751e8b465ee728b)  -> (artifact id: '7b47351066a52f3c46778aa5b7ff4182') in 0.066754 seconds
  Import took 0.081461 seconds .

========================================================================
Received Prepare
Registering precompiled user dll's ...
Registered in 0.024950 seconds.
Begin MonoManager ReloadAssembly
Native extension for WindowsStandalone target not found
Refreshing native plugins compatible for Editor in 10.42 ms, found 2 plugins.
Preloading 0 native plugins for Editor in 0.00 ms.
Mono: successfully reloaded assembly
- Completed reload, in 17.388 seconds
Platform modules already initialized, skipping
Refreshing native plugins compatible for Editor in 4.32 ms, found 2 plugins.
Preloading 0 native plugins for Editor in 0.00 ms.
Unloading 1384 Unused Serialized files (Serialized files now loaded: 0)
System memory in use before: 68.6 MB.
System memory in use after: 68.7 MB.

Unloading 14 unused Assets to reduce memory usage. Loaded Objects now: 1958.
Total: 25.901100 ms (FindLiveObjects: 2.109900 ms CreateObjectMapping: 1.337300 ms MarkObjects: 22.166200 ms  DeleteObjects: 0.280300 ms)

AssetImportParameters requested are different than current active one (requested -> active):
  requireTextureImportCompression: false -> true
========================================================================
Received Prepare
Registering precompiled user dll's ...
Registered in 0.023775 seconds.
Begin MonoManager ReloadAssembly
Native extension for WindowsStandalone target not found
Refreshing native plugins compatible for Editor in 1.34 ms, found 2 plugins.
Preloading 0 native plugins for Editor in 0.00 ms.
Mono: successfully reloaded assembly
- Completed reload, in 17.769 seconds
Platform modules already initialized, skipping
Refreshing native plugins compatible for Editor in 5.32 ms, found 2 plugins.
Preloading 0 native plugins for Editor in 0.00 ms.
Unloading 1384 Unused Serialized files (Serialized files now loaded: 0)
System memory in use before: 68.6 MB.
System memory in use after: 68.7 MB.

Unloading 14 unused Assets to reduce memory usage. Loaded Objects now: 1961.
Total: 11.367600 ms (FindLiveObjects: 0.787500 ms CreateObjectMapping: 0.290000 ms MarkObjects: 10.030700 ms  DeleteObjects: 0.253200 ms)

AssetImportParameters requested are different than current active one (requested -> active):
  requireTextureImportCompression: false -> true
========================================================================
Received Prepare
Registering precompiled user dll's ...
Registered in 0.026600 seconds.
Begin MonoManager ReloadAssembly
Native extension for WindowsStandalone target not found
Refreshing native plugins compatible for Editor in 7.63 ms, found 2 plugins.
Preloading 0 native plugins for Editor in 0.00 ms.
Mono: successfully reloaded assembly
- Completed reload, in 26.399 seconds
Platform modules already initialized, skipping
Refreshing native plugins compatible for Editor in 1.70 ms, found 2 plugins.
Preloading 0 native plugins for Editor in 0.00 ms.
Unloading 1384 Unused Serialized files (Serialized files now loaded: 0)
System memory in use before: 68.6 MB.
System memory in use after: 68.7 MB.

Unloading 14 unused Assets to reduce memory usage. Loaded Objects now: 1964.
Total: 31.643900 ms (FindLiveObjects: 1.285000 ms CreateObjectMapping: 0.846900 ms MarkObjects: 29.165600 ms  DeleteObjects: 0.339600 ms)

AssetImportParameters requested are different than current active one (requested -> active):
  requireTextureImportCompression: false -> true
========================================================================
Received Prepare
Registering precompiled user dll's ...
Registered in 0.093569 seconds.
Begin MonoManager ReloadAssembly
Native extension for WindowsStandalone target not found
Refreshing native plugins compatible for Editor in 4.15 ms, found 2 plugins.
Preloading 0 native plugins for Editor in 0.00 ms.
Mono: successfully reloaded assembly
- Completed reload, in 26.155 seconds
Platform modules already initialized, skipping
Refreshing native plugins compatible for Editor in 1.95 ms, found 2 plugins.
Preloading 0 native plugins for Editor in 0.00 ms.
Unloading 1384 Unused Serialized files (Serialized files now loaded: 0)
System memory in use before: 68.6 MB.
System memory in use after: 68.7 MB.

Unloading 14 unused Assets to reduce memory usage. Loaded Objects now: 1967.
Total: 21.457000 ms (FindLiveObjects: 1.099600 ms CreateObjectMapping: 0.383700 ms MarkObjects: 19.692000 ms  DeleteObjects: 0.273200 ms)

AssetImportParameters requested are different than current active one (requested -> active):
  requireTextureImportCompression: false -> true
========================================================================
Received Prepare
Registering precompiled user dll's ...
Registered in 0.028584 seconds.
Begin MonoManager ReloadAssembly
Native extension for WindowsStandalone target not found
Refreshing native plugins compatible for Editor in 1.87 ms, found 2 plugins.
Preloading 0 native plugins for Editor in 0.00 ms.
Mono: successfully reloaded assembly
- Completed reload, in 21.758 seconds
Platform modules already initialized, skipping
Refreshing native plugins compatible for Editor in 18.11 ms, found 2 plugins.
Preloading 0 native plugins for Editor in 0.00 ms.
Unloading 1384 Unused Serialized files (Serialized files now loaded: 0)
System memory in use before: 68.6 MB.
System memory in use after: 68.7 MB.

Unloading 14 unused Assets to reduce memory usage. Loaded Objects now: 1970.
Total: 83.149900 ms (FindLiveObjects: 1.429200 ms CreateObjectMapping: 0.788600 ms MarkObjects: 77.409700 ms  DeleteObjects: 3.513600 ms)

AssetImportParameters requested are different than current active one (requested -> active):
  requireTextureImportCompression: false -> true
========================================================================
Received Import Request.
  Time since last request: 620.250011 seconds.
  path: Assets/Resources/Gold.prefab
  artifactKey: Guid(7d58a888a0072c5439a2de3abe0357a4) Importer(815301076,1909f56bfc062723c751e8b465ee728b)
Start importing Assets/Resources/Gold.prefab using Guid(7d58a888a0072c5439a2de3abe0357a4) Importer(815301076,1909f56bfc062723c751e8b465ee728b)  -> (artifact id: 'a7a52c768b9271c4d4b852af699d54c2') in 1.739669 seconds
  Import took 1.802334 seconds .

========================================================================
Received Import Request.
  Time since last request: 0.000967 seconds.
  path: Assets/Resources/Bomb.prefab
  artifactKey: Guid(9db885e55bd8c05478cab06b4520823d) Importer(815301076,1909f56bfc062723c751e8b465ee728b)
Start importing Assets/Resources/Bomb.prefab using Guid(9db885e55bd8c05478cab06b4520823d) Importer(815301076,1909f56bfc062723c751e8b465ee728b)  -> (artifact id: '83fd44dddcb0bbdd7efc63b399b1505e') in 0.145173 seconds
  Import took 0.218488 seconds .

========================================================================
Received Import Request.
  Time since last request: 6.935153 seconds.
  path: Assets/Resources/Bomb.prefab
  artifactKey: Guid(9db885e55bd8c05478cab06b4520823d) Importer(815301076,1909f56bfc062723c751e8b465ee728b)
Start importing Assets/Resources/Bomb.prefab using Guid(9db885e55bd8c05478cab06b4520823d) Importer(815301076,1909f56bfc062723c751e8b465ee728b)  -> (artifact id: '83fd44dddcb0bbdd7efc63b399b1505e') in 0.329141 seconds
  Import took 0.442789 seconds .

========================================================================
Received Prepare
Registering precompiled user dll's ...
Registered in 0.229552 seconds.
Begin MonoManager ReloadAssembly
Native extension for WindowsStandalone target not found
Refreshing native plugins compatible for Editor in 2.21 ms, found 2 plugins.
Preloading 0 native plugins for Editor in 0.00 ms.
Mono: successfully reloaded assembly
- Completed reload, in 18.391 seconds
Platform modules already initialized, skipping
Refreshing native plugins compatible for Editor in 15.70 ms, found 2 plugins.
Preloading 0 native plugins for Editor in 0.00 ms.
Unloading 1384 Unused Serialized files (Serialized files now loaded: 0)
System memory in use before: 68.7 MB.
System memory in use after: 68.7 MB.

Unloading 14 unused Assets to reduce memory usage. Loaded Objects now: 1974.
Total: 38.078400 ms (FindLiveObjects: 1.193900 ms CreateObjectMapping: 0.546000 ms MarkObjects: 33.569900 ms  DeleteObjects: 2.760400 ms)

AssetImportParameters requested are different than current active one (requested -> active):
  requireTextureImportCompression: false -> true
========================================================================
Received Import Request.
  Time since last request: 254.283321 seconds.
  path: Assets/Resources/Gold.prefab
  artifactKey: Guid(7d58a888a0072c5439a2de3abe0357a4) Importer(815301076,1909f56bfc062723c751e8b465ee728b)
Start importing Assets/Resources/Gold.prefab using Guid(7d58a888a0072c5439a2de3abe0357a4) Importer(815301076,1909f56bfc062723c751e8b465ee728b)  -> (artifact id: '1e51382959c76c3b03082ca48deda842') in 1.788041 seconds
  Import took 1.939495 seconds .

========================================================================
Received Import Request.
  Time since last request: 3.311529 seconds.
  path: Assets/Resources/Gold.prefab
  artifactKey: Guid(7d58a888a0072c5439a2de3abe0357a4) Importer(815301076,1909f56bfc062723c751e8b465ee728b)
Start importing Assets/Resources/Gold.prefab using Guid(7d58a888a0072c5439a2de3abe0357a4) Importer(815301076,1909f56bfc062723c751e8b465ee728b)  -> (artifact id: '9d686289c7243ece5b9fff7d17de6736') in 0.321503 seconds
  Import took 0.447738 seconds .

========================================================================
Received Import Request.
  Time since last request: 5.726918 seconds.
  path: Assets/Resources/Bomb.prefab
  artifactKey: Guid(9db885e55bd8c05478cab06b4520823d) Importer(815301076,1909f56bfc062723c751e8b465ee728b)
Start importing Assets/Resources/Bomb.prefab using Guid(9db885e55bd8c05478cab06b4520823d) Importer(815301076,1909f56bfc062723c751e8b465ee728b)  -> (artifact id: 'b6705a28988320e80dae93d92ae20dea') in 0.471351 seconds
  Import took 0.532528 seconds .

========================================================================
Received Import Request.
  Time since last request: 4.040043 seconds.
  path: Assets/Resources/Bomb.prefab
  artifactKey: Guid(9db885e55bd8c05478cab06b4520823d) Importer(815301076,1909f56bfc062723c751e8b465ee728b)
Start importing Assets/Resources/Bomb.prefab using Guid(9db885e55bd8c05478cab06b4520823d) Importer(815301076,1909f56bfc062723c751e8b465ee728b)  -> (artifact id: 'b2fc6148ec4c72163c70711fad631e20') in 0.091685 seconds
  Import took 0.198827 seconds .

========================================================================
Received Import Request.
  Time since last request: 0.024959 seconds.
  path: Assets/Resources/Bomb.prefab
  artifactKey: Guid(9db885e55bd8c05478cab06b4520823d) Importer(815301076,1909f56bfc062723c751e8b465ee728b)
Start importing Assets/Resources/Bomb.prefab using Guid(9db885e55bd8c05478cab06b4520823d) Importer(815301076,1909f56bfc062723c751e8b465ee728b)  -> (artifact id: 'b2fc6148ec4c72163c70711fad631e20') in 0.091066 seconds
  Import took 0.160515 seconds .

========================================================================
Received Prepare
Registering precompiled user dll's ...
Registered in 0.073025 seconds.
Begin MonoManager ReloadAssembly
Native extension for WindowsStandalone target not found
Refreshing native plugins compatible for Editor in 2.46 ms, found 2 plugins.
Preloading 0 native plugins for Editor in 0.00 ms.
Mono: successfully reloaded assembly
- Completed reload, in 31.958 seconds
Platform modules already initialized, skipping
Refreshing native plugins compatible for Editor in 2.99 ms, found 2 plugins.
Preloading 0 native plugins for Editor in 0.00 ms.
Unloading 1384 Unused Serialized files (Serialized files now loaded: 0)
System memory in use before: 68.7 MB.
System memory in use after: 68.8 MB.

Unloading 14 unused Assets to reduce memory usage. Loaded Objects now: 1978.
Total: 46.501000 ms (FindLiveObjects: 1.412100 ms CreateObjectMapping: 0.573500 ms MarkObjects: 43.748500 ms  DeleteObjects: 0.758300 ms)

AssetImportParameters requested are different than current active one (requested -> active):
  requireTextureImportCompression: false -> true
========================================================================
Received Prepare
Registering precompiled user dll's ...
Registered in 0.058136 seconds.
Begin MonoManager ReloadAssembly
Native extension for WindowsStandalone target not found
Refreshing native plugins compatible for Editor in 3.73 ms, found 2 plugins.
Preloading 0 native plugins for Editor in 0.00 ms.
Mono: successfully reloaded assembly
- Completed reload, in 27.794 seconds
Platform modules already initialized, skipping
Refreshing native plugins compatible for Editor in 7.75 ms, found 2 plugins.
Preloading 0 native plugins for Editor in 0.00 ms.
Unloading 1384 Unused Serialized files (Serialized files now loaded: 0)
System memory in use before: 68.7 MB.
System memory in use after: 68.8 MB.

Unloading 14 unused Assets to reduce memory usage. Loaded Objects now: 1981.
Total: 28.478200 ms (FindLiveObjects: 2.550500 ms CreateObjectMapping: 2.034400 ms MarkObjects: 23.531400 ms  DeleteObjects: 0.354200 ms)

AssetImportParameters requested are different than current active one (requested -> active):
  requireTextureImportCompression: false -> true
========================================================================
Received Import Request.
  Time since last request: 331.341047 seconds.
  path: Assets/Resources/Bomb.prefab
  artifactKey: Guid(9db885e55bd8c05478cab06b4520823d) Importer(815301076,1909f56bfc062723c751e8b465ee728b)
Start importing Assets/Resources/Bomb.prefab using Guid(9db885e55bd8c05478cab06b4520823d) Importer(815301076,1909f56bfc062723c751e8b465ee728b)  -> (artifact id: '6c1c41e5bc24c30cdfaa27a00c987959') in 2.441800 seconds
  Import took 2.491504 seconds .

========================================================================
Received Import Request.
  Time since last request: 5.104097 seconds.
  path: Assets/Resources/Gold.prefab
  artifactKey: Guid(7d58a888a0072c5439a2de3abe0357a4) Importer(815301076,1909f56bfc062723c751e8b465ee728b)
Start importing Assets/Resources/Gold.prefab using Guid(7d58a888a0072c5439a2de3abe0357a4) Importer(815301076,1909f56bfc062723c751e8b465ee728b)  -> (artifact id: 'e0148cf71dda2f67f1c0da87c9151ccf') in 0.290383 seconds
  Import took 0.333999 seconds .

========================================================================
Received Import Request.
  Time since last request: 0.015818 seconds.
  path: Assets/Resources/Gold.prefab
  artifactKey: Guid(7d58a888a0072c5439a2de3abe0357a4) Importer(815301076,1909f56bfc062723c751e8b465ee728b)
Start importing Assets/Resources/Gold.prefab using Guid(7d58a888a0072c5439a2de3abe0357a4) Importer(815301076,1909f56bfc062723c751e8b465ee728b)  -> (artifact id: 'e0148cf71dda2f67f1c0da87c9151ccf') in 0.193003 seconds
  Import took 0.298108 seconds .

========================================================================
Received Import Request.
  Time since last request: 15.110551 seconds.
  path: Assets/Resources/Gold.prefab
  artifactKey: Guid(7d58a888a0072c5439a2de3abe0357a4) Importer(815301076,1909f56bfc062723c751e8b465ee728b)
Start importing Assets/Resources/Gold.prefab using Guid(7d58a888a0072c5439a2de3abe0357a4) Importer(815301076,1909f56bfc062723c751e8b465ee728b)  -> (artifact id: '862db5a9c9fceb268daa0f8472ec8d7e') in 0.130057 seconds
  Import took 0.155234 seconds .

========================================================================
Received Import Request.
  Time since last request: 1.741497 seconds.
  path: Assets/Resources/Gold.prefab
  artifactKey: Guid(7d58a888a0072c5439a2de3abe0357a4) Importer(815301076,1909f56bfc062723c751e8b465ee728b)
Start importing Assets/Resources/Gold.prefab using Guid(7d58a888a0072c5439a2de3abe0357a4) Importer(815301076,1909f56bfc062723c751e8b465ee728b)  -> (artifact id: '04b103c18a90cc00d606fb62921fba04') in 0.132534 seconds
  Import took 0.207481 seconds .

========================================================================
Received Import Request.
  Time since last request: 1.444980 seconds.
  path: Assets/Resources/Gold.prefab
  artifactKey: Guid(7d58a888a0072c5439a2de3abe0357a4) Importer(815301076,1909f56bfc062723c751e8b465ee728b)
Start importing Assets/Resources/Gold.prefab using Guid(7d58a888a0072c5439a2de3abe0357a4) Importer(815301076,1909f56bfc062723c751e8b465ee728b)  -> (artifact id: 'b542e3c1f91effab0d671e39405078b4') in 0.175335 seconds
  Import took 0.220500 seconds .

========================================================================
Received Prepare
Registering precompiled user dll's ...
Registered in 0.054909 seconds.
Begin MonoManager ReloadAssembly
Native extension for WindowsStandalone target not found
Refreshing native plugins compatible for Editor in 2.32 ms, found 2 plugins.
Preloading 0 native plugins for Editor in 0.00 ms.
Mono: successfully reloaded assembly
- Completed reload, in 15.555 seconds
Platform modules already initialized, skipping
Refreshing native plugins compatible for Editor in 14.61 ms, found 2 plugins.
Preloading 0 native plugins for Editor in 0.00 ms.
Unloading 1384 Unused Serialized files (Serialized files now loaded: 0)
System memory in use before: 68.7 MB.
System memory in use after: 68.7 MB.

Unloading 14 unused Assets to reduce memory usage. Loaded Objects now: 1985.
Total: 13.342900 ms (FindLiveObjects: 0.923700 ms CreateObjectMapping: 0.302700 ms MarkObjects: 11.840600 ms  DeleteObjects: 0.269400 ms)

AssetImportParameters requested are different than current active one (requested -> active):
  requireTextureImportCompression: false -> true
========================================================================
Received Prepare
Registering precompiled user dll's ...
Registered in 0.039292 seconds.
Begin MonoManager ReloadAssembly
Native extension for WindowsStandalone target not found
Refreshing native plugins compatible for Editor in 5.89 ms, found 2 plugins.
Preloading 0 native plugins for Editor in 0.00 ms.
Mono: successfully reloaded assembly
- Completed reload, in 16.357 seconds
Platform modules already initialized, skipping
Refreshing native plugins compatible for Editor in 1.72 ms, found 2 plugins.
Preloading 0 native plugins for Editor in 0.00 ms.
Unloading 1384 Unused Serialized files (Serialized files now loaded: 0)
System memory in use before: 68.7 MB.
System memory in use after: 68.8 MB.

Unloading 14 unused Assets to reduce memory usage. Loaded Objects now: 1988.
Total: 62.564400 ms (FindLiveObjects: 5.876300 ms CreateObjectMapping: 0.600300 ms MarkObjects: 55.804700 ms  DeleteObjects: 0.273700 ms)

AssetImportParameters requested are different than current active one (requested -> active):
  requireTextureImportCompression: false -> true
========================================================================
Received Prepare
Registering precompiled user dll's ...
Registered in 0.072264 seconds.
Begin MonoManager ReloadAssembly
Native extension for WindowsStandalone target not found
Refreshing native plugins compatible for Editor in 2.55 ms, found 2 plugins.
Preloading 0 native plugins for Editor in 0.00 ms.
Mono: successfully reloaded assembly
- Completed reload, in 34.363 seconds
Platform modules already initialized, skipping
Refreshing native plugins compatible for Editor in 1.99 ms, found 2 plugins.
Preloading 0 native plugins for Editor in 0.00 ms.
Unloading 1384 Unused Serialized files (Serialized files now loaded: 0)
System memory in use before: 68.7 MB.
System memory in use after: 68.8 MB.

Unloading 14 unused Assets to reduce memory usage. Loaded Objects now: 1991.
Total: 16.070100 ms (FindLiveObjects: 1.354400 ms CreateObjectMapping: 0.480100 ms MarkObjects: 13.768900 ms  DeleteObjects: 0.457100 ms)

AssetImportParameters requested are different than current active one (requested -> active):
  requireTextureImportCompression: false -> true
========================================================================
Received Prepare
Registering precompiled user dll's ...
Registered in 0.153847 seconds.
Begin MonoManager ReloadAssembly
Native extension for WindowsStandalone target not found
Refreshing native plugins compatible for Editor in 3.12 ms, found 2 plugins.
Preloading 0 native plugins for Editor in 0.00 ms.
Mono: successfully reloaded assembly
- Completed reload, in 14.841 seconds
Platform modules already initialized, skipping
Refreshing native plugins compatible for Editor in 16.18 ms, found 2 plugins.
Preloading 0 native plugins for Editor in 0.00 ms.
Unloading 1384 Unused Serialized files (Serialized files now loaded: 0)
System memory in use before: 68.7 MB.
System memory in use after: 68.8 MB.

Unloading 14 unused Assets to reduce memory usage. Loaded Objects now: 1994.
Total: 22.535800 ms (FindLiveObjects: 1.035600 ms CreateObjectMapping: 0.328400 ms MarkObjects: 20.292000 ms  DeleteObjects: 0.870600 ms)

AssetImportParameters requested are different than current active one (requested -> active):
  requireTextureImportCompression: false -> true
========================================================================
Received Prepare
Registering precompiled user dll's ...
Registered in 0.138611 seconds.
Begin MonoManager ReloadAssembly
Native extension for WindowsStandalone target not found
Refreshing native plugins compatible for Editor in 2.01 ms, found 2 plugins.
Preloading 0 native plugins for Editor in 0.00 ms.
Mono: successfully reloaded assembly
- Completed reload, in 21.120 seconds
Platform modules already initialized, skipping
Refreshing native plugins compatible for Editor in 12.00 ms, found 2 plugins.
Preloading 0 native plugins for Editor in 0.00 ms.
Unloading 1384 Unused Serialized files (Serialized files now loaded: 0)
System memory in use before: 68.7 MB.
System memory in use after: 68.8 MB.

Unloading 14 unused Assets to reduce memory usage. Loaded Objects now: 1997.
Total: 45.693400 ms (FindLiveObjects: 8.422100 ms CreateObjectMapping: 0.511400 ms MarkObjects: 35.282500 ms  DeleteObjects: 1.463600 ms)

AssetImportParameters requested are different than current active one (requested -> active):
  requireTextureImportCompression: false -> true
========================================================================
Received Prepare
Registering precompiled user dll's ...
Registered in 0.021349 seconds.
Begin MonoManager ReloadAssembly
Native extension for WindowsStandalone target not found
Refreshing native plugins compatible for Editor in 1.36 ms, found 2 plugins.
Preloading 0 native plugins for Editor in 0.00 ms.
Mono: successfully reloaded assembly
- Completed reload, in 12.219 seconds
Platform modules already initialized, skipping
Refreshing native plugins compatible for Editor in 3.12 ms, found 2 plugins.
Preloading 0 native plugins for Editor in 0.00 ms.
Unloading 1384 Unused Serialized files (Serialized files now loaded: 0)
System memory in use before: 68.7 MB.
System memory in use after: 68.8 MB.

Unloading 14 unused Assets to reduce memory usage. Loaded Objects now: 2000.
Total: 69.277600 ms (FindLiveObjects: 0.833200 ms CreateObjectMapping: 0.299500 ms MarkObjects: 67.870900 ms  DeleteObjects: 0.266300 ms)

AssetImportParameters requested are different than current active one (requested -> active):
  requireTextureImportCompression: false -> true
========================================================================
Received Prepare
Registering precompiled user dll's ...
Registered in 0.026187 seconds.
Begin MonoManager ReloadAssembly
Native extension for WindowsStandalone target not found
Refreshing native plugins compatible for Editor in 1.90 ms, found 2 plugins.
Preloading 0 native plugins for Editor in 0.00 ms.
Mono: successfully reloaded assembly
- Completed reload, in 16.671 seconds
Platform modules already initialized, skipping
Refreshing native plugins compatible for Editor in 8.43 ms, found 2 plugins.
Preloading 0 native plugins for Editor in 0.00 ms.
Unloading 1384 Unused Serialized files (Serialized files now loaded: 0)
System memory in use before: 68.7 MB.
System memory in use after: 68.8 MB.

Unloading 14 unused Assets to reduce memory usage. Loaded Objects now: 2003.
Total: 16.831100 ms (FindLiveObjects: 0.949800 ms CreateObjectMapping: 0.339000 ms MarkObjects: 15.123900 ms  DeleteObjects: 0.411700 ms)

AssetImportParameters requested are different than current active one (requested -> active):
  requireTextureImportCompression: false -> true
========================================================================
Received Prepare
Registering precompiled user dll's ...
Registered in 0.019277 seconds.
Begin MonoManager ReloadAssembly
Native extension for WindowsStandalone target not found
Refreshing native plugins compatible for Editor in 1.98 ms, found 2 plugins.
Preloading 0 native plugins for Editor in 0.00 ms.
Mono: successfully reloaded assembly
- Completed reload, in 24.698 seconds
Platform modules already initialized, skipping
Refreshing native plugins compatible for Editor in 2.66 ms, found 2 plugins.
Preloading 0 native plugins for Editor in 0.00 ms.
Unloading 1384 Unused Serialized files (Serialized files now loaded: 0)
System memory in use before: 68.7 MB.
System memory in use after: 68.8 MB.

Unloading 14 unused Assets to reduce memory usage. Loaded Objects now: 2006.
Total: 30.533400 ms (FindLiveObjects: 1.068400 ms CreateObjectMapping: 0.383800 ms MarkObjects: 23.895100 ms  DeleteObjects: 5.177200 ms)

AssetImportParameters requested are different than current active one (requested -> active):
  requireTextureImportCompression: false -> true
========================================================================
Received Prepare
Registering precompiled user dll's ...
Registered in 0.065217 seconds.
Begin MonoManager ReloadAssembly
Native extension for WindowsStandalone target not found
Refreshing native plugins compatible for Editor in 2.05 ms, found 2 plugins.
Preloading 0 native plugins for Editor in 0.00 ms.
Mono: successfully reloaded assembly
- Completed reload, in 15.289 seconds
Platform modules already initialized, skipping
Refreshing native plugins compatible for Editor in 2.99 ms, found 2 plugins.
Preloading 0 native plugins for Editor in 0.00 ms.
Unloading 1384 Unused Serialized files (Serialized files now loaded: 0)
System memory in use before: 68.7 MB.
System memory in use after: 68.8 MB.

Unloading 14 unused Assets to reduce memory usage. Loaded Objects now: 2009.
Total: 24.583000 ms (FindLiveObjects: 2.381200 ms CreateObjectMapping: 0.592600 ms MarkObjects: 21.329200 ms  DeleteObjects: 0.269600 ms)

AssetImportParameters requested are different than current active one (requested -> active):
  requireTextureImportCompression: false -> true
========================================================================
Received Prepare
Registering precompiled user dll's ...
Registered in 0.131548 seconds.
Begin MonoManager ReloadAssembly
Native extension for WindowsStandalone target not found
Refreshing native plugins compatible for Editor in 1.62 ms, found 2 plugins.
Preloading 0 native plugins for Editor in 0.00 ms.
Mono: successfully reloaded assembly
- Completed reload, in 13.962 seconds
Platform modules already initialized, skipping
Refreshing native plugins compatible for Editor in 2.48 ms, found 2 plugins.
Preloading 0 native plugins for Editor in 0.00 ms.
Unloading 1384 Unused Serialized files (Serialized files now loaded: 0)
System memory in use before: 68.7 MB.
System memory in use after: 68.8 MB.

Unloading 14 unused Assets to reduce memory usage. Loaded Objects now: 2012.
Total: 64.805300 ms (FindLiveObjects: 1.085200 ms CreateObjectMapping: 0.424900 ms MarkObjects: 62.668900 ms  DeleteObjects: 0.619100 ms)

AssetImportParameters requested are different than current active one (requested -> active):
  requireTextureImportCompression: false -> true
AssetImportWorkerClient::OnTransportError - code=2 error=End of file
